{
  "RSpec": {
    "coverage": {
      "/home/qbadmin/Documents/new_songs_5/gallery/app/helpers/application_helper.rb": [
        1,
        null
      ],
      "/home/qbadmin/Documents/new_songs_5/gallery/app/helpers/item_collections_helper.rb": [
        1,
        null
      ],
      "/home/qbadmin/Documents/new_songs_5/gallery/app/helpers/items_helper.rb": [
        1,
        null
      ],
      "/home/qbadmin/Documents/new_songs_5/gallery/app/controllers/item_collections_controller.rb": [
        1,
        1,
        null,
        null,
        null,
        1,
        1,
        null,
        null,
        null,
        null,
        1,
        2,
        0,
        null,
        2,
        null,
        null,
        null,
        null,
        1,
        1,
        null,
        null,
        null,
        1,
        null,
        null,
        null,
        null,
        1,
        1,
        null,
        1,
        1,
        2,
        1,
        null,
        0,
        0,
        null,
        null,
        null,
        null,
        null,
        null,
        1,
        0,
        0,
        0,
        0,
        null,
        0,
        0,
        null,
        null,
        null,
        null,
        null,
        null,
        1,
        0,
        0,
        0,
        0,
        null,
        null,
        null,
        1,
        0,
        null,
        null,
        1,
        0,
        null,
        null,
        1,
        0,
        0,
        0,
        0,
        0,
        null,
        null,
        0,
        null,
        0,
        null,
        null,
        1,
        null,
        1,
        3,
        null,
        null,
        null,
        1,
        1,
        null,
        null,
        1,
        0,
        null,
        null
      ],
      "/home/qbadmin/Documents/new_songs_5/gallery/app/controllers/application_controller.rb": [
        1,
        null,
        null,
        1,
        null
      ],
      "/home/qbadmin/Documents/new_songs_5/gallery/app/models/item_collection.rb": [
        1,
        1,
        null
      ],
      "/home/qbadmin/Documents/new_songs_5/gallery/app/models/item.rb": [
        1,
        1,
        null
      ]
    },
    "timestamp": 1388498222
  }
}
